Device = cuda
Experiment File Selected: 3M_lr0_0001.yaml

Experiments loaded successfully.

Experiment ID: exp1
Experiment Configuration:
  timesteps: 3000000
  timesteps_per_batch: 2048
  max_timesteps_per_episode: 1000
  gamma: 0.99
  epsilon: 0.2
  alpha: 0.0001
  training_cycles_per_batch: 5
  save_every_x_timesteps: 3000000

Running Experiment...

· Actor saved successfully in path: /gpfs/home/amontoya/TFG/Algorithms/PPO/Results/3M_lr0_0001/exp1_2024-05-17_21-36-13/Actor.pth
· Actor Losses saved successfully in path: /gpfs/home/amontoya/TFG/Algorithms/PPO/Results/3M_lr0_0001/exp1_2024-05-17_21-36-13/actor_losses
· Critic saved successfully in path: /gpfs/home/amontoya/TFG/Algorithms/PPO/Results/3M_lr0_0001/exp1_2024-05-17_21-36-13/Critic.pth
· Critic Losses saved successfully in path: /gpfs/home/amontoya/TFG/Algorithms/PPO/Results/3M_lr0_0001/exp1_2024-05-17_21-36-13/critic_losses
· Rewards saved successfully in path: /gpfs/home/amontoya/TFG/Algorithms/PPO/Results/3M_lr0_0001/exp1_2024-05-17_21-36-13/rewards_log
· Total Rewards Plot saved successfully in path: /gpfs/home/amontoya/TFG/Algorithms/PPO/Results/3M_lr0_0001/exp1_2024-05-17_21-36-13/total_rewards_plot.png
· Actor Losses Plot saved successfully in path: /gpfs/home/amontoya/TFG/Algorithms/PPO/Results/3M_lr0_0001/exp1_2024-05-17_21-36-13/actor_losses_plot.png
· Critic Losses Plot saved successfully in path: /gpfs/home/amontoya/TFG/Algorithms/PPO/Results/3M_lr0_0001/exp1_2024-05-17_21-36-13/critic_losses_plot.png
· Hyperparameters and execution time saved successfully in path: /gpfs/home/amontoya/TFG/Algorithms/PPO/Results/3M_lr0_0001/exp1_2024-05-17_21-36-13/state.data
· Actor saved successfully in path: /gpfs/home/amontoya/TFG/Algorithms/PPO/Results/3M_lr0_0001/exp1_2024-05-17_21-49-14/Actor.pth
· Actor Losses saved successfully in path: /gpfs/home/amontoya/TFG/Algorithms/PPO/Results/3M_lr0_0001/exp1_2024-05-17_21-49-14/actor_losses
· Critic saved successfully in path: /gpfs/home/amontoya/TFG/Algorithms/PPO/Results/3M_lr0_0001/exp1_2024-05-17_21-49-14/Critic.pth
· Critic Losses saved successfully in path: /gpfs/home/amontoya/TFG/Algorithms/PPO/Results/3M_lr0_0001/exp1_2024-05-17_21-49-14/critic_losses
· Rewards saved successfully in path: /gpfs/home/amontoya/TFG/Algorithms/PPO/Results/3M_lr0_0001/exp1_2024-05-17_21-49-14/rewards_log
· Total Rewards Plot saved successfully in path: /gpfs/home/amontoya/TFG/Algorithms/PPO/Results/3M_lr0_0001/exp1_2024-05-17_21-49-14/total_rewards_plot.png
· Actor Losses Plot saved successfully in path: /gpfs/home/amontoya/TFG/Algorithms/PPO/Results/3M_lr0_0001/exp1_2024-05-17_21-49-14/actor_losses_plot.png
· Critic Losses Plot saved successfully in path: /gpfs/home/amontoya/TFG/Algorithms/PPO/Results/3M_lr0_0001/exp1_2024-05-17_21-49-14/critic_losses_plot.png
· Hyperparameters and execution time saved successfully in path: /gpfs/home/amontoya/TFG/Algorithms/PPO/Results/3M_lr0_0001/exp1_2024-05-17_21-49-14/state.data
· Actor saved successfully in path: /gpfs/home/amontoya/TFG/Algorithms/PPO/Results/3M_lr0_0001/exp1_2024-05-17_22-02-16/Actor.pth
· Actor Losses saved successfully in path: /gpfs/home/amontoya/TFG/Algorithms/PPO/Results/3M_lr0_0001/exp1_2024-05-17_22-02-16/actor_losses
· Critic saved successfully in path: /gpfs/home/amontoya/TFG/Algorithms/PPO/Results/3M_lr0_0001/exp1_2024-05-17_22-02-16/Critic.pth
· Critic Losses saved successfully in path: /gpfs/home/amontoya/TFG/Algorithms/PPO/Results/3M_lr0_0001/exp1_2024-05-17_22-02-16/critic_losses
· Rewards saved successfully in path: /gpfs/home/amontoya/TFG/Algorithms/PPO/Results/3M_lr0_0001/exp1_2024-05-17_22-02-16/rewards_log
· Total Rewards Plot saved successfully in path: /gpfs/home/amontoya/TFG/Algorithms/PPO/Results/3M_lr0_0001/exp1_2024-05-17_22-02-16/total_rewards_plot.png
· Actor Losses Plot saved successfully in path: /gpfs/home/amontoya/TFG/Algorithms/PPO/Results/3M_lr0_0001/exp1_2024-05-17_22-02-16/actor_losses_plot.png
· Critic Losses Plot saved successfully in path: /gpfs/home/amontoya/TFG/Algorithms/PPO/Results/3M_lr0_0001/exp1_2024-05-17_22-02-16/critic_losses_plot.png
· Hyperparameters and execution time saved successfully in path: /gpfs/home/amontoya/TFG/Algorithms/PPO/Results/3M_lr0_0001/exp1_2024-05-17_22-02-16/state.data
· Actor saved successfully in path: /gpfs/home/amontoya/TFG/Algorithms/PPO/Results/3M_lr0_0001/exp1_2024-05-17_22-15-21/Actor.pth
· Actor Losses saved successfully in path: /gpfs/home/amontoya/TFG/Algorithms/PPO/Results/3M_lr0_0001/exp1_2024-05-17_22-15-21/actor_losses
· Critic saved successfully in path: /gpfs/home/amontoya/TFG/Algorithms/PPO/Results/3M_lr0_0001/exp1_2024-05-17_22-15-21/Critic.pth
· Critic Losses saved successfully in path: /gpfs/home/amontoya/TFG/Algorithms/PPO/Results/3M_lr0_0001/exp1_2024-05-17_22-15-21/critic_losses
· Rewards saved successfully in path: /gpfs/home/amontoya/TFG/Algorithms/PPO/Results/3M_lr0_0001/exp1_2024-05-17_22-15-21/rewards_log
· Total Rewards Plot saved successfully in path: /gpfs/home/amontoya/TFG/Algorithms/PPO/Results/3M_lr0_0001/exp1_2024-05-17_22-15-21/total_rewards_plot.png
· Actor Losses Plot saved successfully in path: /gpfs/home/amontoya/TFG/Algorithms/PPO/Results/3M_lr0_0001/exp1_2024-05-17_22-15-21/actor_losses_plot.png
· Critic Losses Plot saved successfully in path: /gpfs/home/amontoya/TFG/Algorithms/PPO/Results/3M_lr0_0001/exp1_2024-05-17_22-15-21/critic_losses_plot.png
· Hyperparameters and execution time saved successfully in path: /gpfs/home/amontoya/TFG/Algorithms/PPO/Results/3M_lr0_0001/exp1_2024-05-17_22-15-21/state.data
· Actor saved successfully in path: /gpfs/home/amontoya/TFG/Algorithms/PPO/Results/3M_lr0_0001/exp1_2024-05-17_22-28-25/Actor.pth
· Actor Losses saved successfully in path: /gpfs/home/amontoya/TFG/Algorithms/PPO/Results/3M_lr0_0001/exp1_2024-05-17_22-28-25/actor_losses
· Critic saved successfully in path: /gpfs/home/amontoya/TFG/Algorithms/PPO/Results/3M_lr0_0001/exp1_2024-05-17_22-28-25/Critic.pth
· Critic Losses saved successfully in path: /gpfs/home/amontoya/TFG/Algorithms/PPO/Results/3M_lr0_0001/exp1_2024-05-17_22-28-25/critic_losses
· Rewards saved successfully in path: /gpfs/home/amontoya/TFG/Algorithms/PPO/Results/3M_lr0_0001/exp1_2024-05-17_22-28-25/rewards_log
· Total Rewards Plot saved successfully in path: /gpfs/home/amontoya/TFG/Algorithms/PPO/Results/3M_lr0_0001/exp1_2024-05-17_22-28-25/total_rewards_plot.png
· Actor Losses Plot saved successfully in path: /gpfs/home/amontoya/TFG/Algorithms/PPO/Results/3M_lr0_0001/exp1_2024-05-17_22-28-25/actor_losses_plot.png
· Critic Losses Plot saved successfully in path: /gpfs/home/amontoya/TFG/Algorithms/PPO/Results/3M_lr0_0001/exp1_2024-05-17_22-28-25/critic_losses_plot.png
· Hyperparameters and execution time saved successfully in path: /gpfs/home/amontoya/TFG/Algorithms/PPO/Results/3M_lr0_0001/exp1_2024-05-17_22-28-25/state.data
· Actor saved successfully in path: /gpfs/home/amontoya/TFG/Algorithms/PPO/Results/3M_lr0_0001/exp1_2024-05-17_22-41-30/Actor.pth
· Actor Losses saved successfully in path: /gpfs/home/amontoya/TFG/Algorithms/PPO/Results/3M_lr0_0001/exp1_2024-05-17_22-41-30/actor_losses
· Critic saved successfully in path: /gpfs/home/amontoya/TFG/Algorithms/PPO/Results/3M_lr0_0001/exp1_2024-05-17_22-41-30/Critic.pth
· Critic Losses saved successfully in path: /gpfs/home/amontoya/TFG/Algorithms/PPO/Results/3M_lr0_0001/exp1_2024-05-17_22-41-30/critic_losses
· Rewards saved successfully in path: /gpfs/home/amontoya/TFG/Algorithms/PPO/Results/3M_lr0_0001/exp1_2024-05-17_22-41-30/rewards_log
· Total Rewards Plot saved successfully in path: /gpfs/home/amontoya/TFG/Algorithms/PPO/Results/3M_lr0_0001/exp1_2024-05-17_22-41-30/total_rewards_plot.png
· Actor Losses Plot saved successfully in path: /gpfs/home/amontoya/TFG/Algorithms/PPO/Results/3M_lr0_0001/exp1_2024-05-17_22-41-30/actor_losses_plot.png
· Critic Losses Plot saved successfully in path: /gpfs/home/amontoya/TFG/Algorithms/PPO/Results/3M_lr0_0001/exp1_2024-05-17_22-41-30/critic_losses_plot.png
· Hyperparameters and execution time saved successfully in path: /gpfs/home/amontoya/TFG/Algorithms/PPO/Results/3M_lr0_0001/exp1_2024-05-17_22-41-30/state.data
· Actor saved successfully in path: /gpfs/home/amontoya/TFG/Algorithms/PPO/Results/3M_lr0_0001/exp1_2024-05-17_22-54-32/Actor.pth
· Actor Losses saved successfully in path: /gpfs/home/amontoya/TFG/Algorithms/PPO/Results/3M_lr0_0001/exp1_2024-05-17_22-54-32/actor_losses
· Critic saved successfully in path: /gpfs/home/amontoya/TFG/Algorithms/PPO/Results/3M_lr0_0001/exp1_2024-05-17_22-54-32/Critic.pth
· Critic Losses saved successfully in path: /gpfs/home/amontoya/TFG/Algorithms/PPO/Results/3M_lr0_0001/exp1_2024-05-17_22-54-32/critic_losses
· Rewards saved successfully in path: /gpfs/home/amontoya/TFG/Algorithms/PPO/Results/3M_lr0_0001/exp1_2024-05-17_22-54-32/rewards_log
· Total Rewards Plot saved successfully in path: /gpfs/home/amontoya/TFG/Algorithms/PPO/Results/3M_lr0_0001/exp1_2024-05-17_22-54-32/total_rewards_plot.png
· Actor Losses Plot saved successfully in path: /gpfs/home/amontoya/TFG/Algorithms/PPO/Results/3M_lr0_0001/exp1_2024-05-17_22-54-32/actor_losses_plot.png
· Critic Losses Plot saved successfully in path: /gpfs/home/amontoya/TFG/Algorithms/PPO/Results/3M_lr0_0001/exp1_2024-05-17_22-54-32/critic_losses_plot.png
· Hyperparameters and execution time saved successfully in path: /gpfs/home/amontoya/TFG/Algorithms/PPO/Results/3M_lr0_0001/exp1_2024-05-17_22-54-32/state.data
· Actor saved successfully in path: /gpfs/home/amontoya/TFG/Algorithms/PPO/Results/3M_lr0_0001/exp1_2024-05-17_23-07-39/Actor.pth
· Actor Losses saved successfully in path: /gpfs/home/amontoya/TFG/Algorithms/PPO/Results/3M_lr0_0001/exp1_2024-05-17_23-07-39/actor_losses
· Critic saved successfully in path: /gpfs/home/amontoya/TFG/Algorithms/PPO/Results/3M_lr0_0001/exp1_2024-05-17_23-07-39/Critic.pth
· Critic Losses saved successfully in path: /gpfs/home/amontoya/TFG/Algorithms/PPO/Results/3M_lr0_0001/exp1_2024-05-17_23-07-39/critic_losses
· Rewards saved successfully in path: /gpfs/home/amontoya/TFG/Algorithms/PPO/Results/3M_lr0_0001/exp1_2024-05-17_23-07-39/rewards_log
· Total Rewards Plot saved successfully in path: /gpfs/home/amontoya/TFG/Algorithms/PPO/Results/3M_lr0_0001/exp1_2024-05-17_23-07-39/total_rewards_plot.png
· Actor Losses Plot saved successfully in path: /gpfs/home/amontoya/TFG/Algorithms/PPO/Results/3M_lr0_0001/exp1_2024-05-17_23-07-39/actor_losses_plot.png
· Critic Losses Plot saved successfully in path: /gpfs/home/amontoya/TFG/Algorithms/PPO/Results/3M_lr0_0001/exp1_2024-05-17_23-07-39/critic_losses_plot.png
· Hyperparameters and execution time saved successfully in path: /gpfs/home/amontoya/TFG/Algorithms/PPO/Results/3M_lr0_0001/exp1_2024-05-17_23-07-39/state.data
· Actor saved successfully in path: /gpfs/home/amontoya/TFG/Algorithms/PPO/Results/3M_lr0_0001/exp1_2024-05-17_23-20-36/Actor.pth
· Actor Losses saved successfully in path: /gpfs/home/amontoya/TFG/Algorithms/PPO/Results/3M_lr0_0001/exp1_2024-05-17_23-20-36/actor_losses
· Critic saved successfully in path: /gpfs/home/amontoya/TFG/Algorithms/PPO/Results/3M_lr0_0001/exp1_2024-05-17_23-20-36/Critic.pth
· Critic Losses saved successfully in path: /gpfs/home/amontoya/TFG/Algorithms/PPO/Results/3M_lr0_0001/exp1_2024-05-17_23-20-36/critic_losses
· Rewards saved successfully in path: /gpfs/home/amontoya/TFG/Algorithms/PPO/Results/3M_lr0_0001/exp1_2024-05-17_23-20-36/rewards_log
· Total Rewards Plot saved successfully in path: /gpfs/home/amontoya/TFG/Algorithms/PPO/Results/3M_lr0_0001/exp1_2024-05-17_23-20-36/total_rewards_plot.png
· Actor Losses Plot saved successfully in path: /gpfs/home/amontoya/TFG/Algorithms/PPO/Results/3M_lr0_0001/exp1_2024-05-17_23-20-36/actor_losses_plot.png
· Critic Losses Plot saved successfully in path: /gpfs/home/amontoya/TFG/Algorithms/PPO/Results/3M_lr0_0001/exp1_2024-05-17_23-20-36/critic_losses_plot.png
· Hyperparameters and execution time saved successfully in path: /gpfs/home/amontoya/TFG/Algorithms/PPO/Results/3M_lr0_0001/exp1_2024-05-17_23-20-36/state.data
· Actor saved successfully in path: /gpfs/home/amontoya/TFG/Algorithms/PPO/Results/3M_lr0_0001/exp1_2024-05-17_23-33-32/Actor.pth
· Actor Losses saved successfully in path: /gpfs/home/amontoya/TFG/Algorithms/PPO/Results/3M_lr0_0001/exp1_2024-05-17_23-33-32/actor_losses
· Critic saved successfully in path: /gpfs/home/amontoya/TFG/Algorithms/PPO/Results/3M_lr0_0001/exp1_2024-05-17_23-33-32/Critic.pth
· Critic Losses saved successfully in path: /gpfs/home/amontoya/TFG/Algorithms/PPO/Results/3M_lr0_0001/exp1_2024-05-17_23-33-32/critic_losses
· Rewards saved successfully in path: /gpfs/home/amontoya/TFG/Algorithms/PPO/Results/3M_lr0_0001/exp1_2024-05-17_23-33-32/rewards_log
· Total Rewards Plot saved successfully in path: /gpfs/home/amontoya/TFG/Algorithms/PPO/Results/3M_lr0_0001/exp1_2024-05-17_23-33-32/total_rewards_plot.png
· Actor Losses Plot saved successfully in path: /gpfs/home/amontoya/TFG/Algorithms/PPO/Results/3M_lr0_0001/exp1_2024-05-17_23-33-32/actor_losses_plot.png
· Critic Losses Plot saved successfully in path: /gpfs/home/amontoya/TFG/Algorithms/PPO/Results/3M_lr0_0001/exp1_2024-05-17_23-33-32/critic_losses_plot.png
· Hyperparameters and execution time saved successfully in path: /gpfs/home/amontoya/TFG/Algorithms/PPO/Results/3M_lr0_0001/exp1_2024-05-17_23-33-32/state.data
· Actor saved successfully in path: /gpfs/home/amontoya/TFG/Algorithms/PPO/Results/3M_lr0_0001/exp1_2024-05-17_23-46-32/Actor.pth
· Actor Losses saved successfully in path: /gpfs/home/amontoya/TFG/Algorithms/PPO/Results/3M_lr0_0001/exp1_2024-05-17_23-46-32/actor_losses
· Critic saved successfully in path: /gpfs/home/amontoya/TFG/Algorithms/PPO/Results/3M_lr0_0001/exp1_2024-05-17_23-46-32/Critic.pth
· Critic Losses saved successfully in path: /gpfs/home/amontoya/TFG/Algorithms/PPO/Results/3M_lr0_0001/exp1_2024-05-17_23-46-32/critic_losses
· Rewards saved successfully in path: /gpfs/home/amontoya/TFG/Algorithms/PPO/Results/3M_lr0_0001/exp1_2024-05-17_23-46-32/rewards_log
· Total Rewards Plot saved successfully in path: /gpfs/home/amontoya/TFG/Algorithms/PPO/Results/3M_lr0_0001/exp1_2024-05-17_23-46-32/total_rewards_plot.png
· Actor Losses Plot saved successfully in path: /gpfs/home/amontoya/TFG/Algorithms/PPO/Results/3M_lr0_0001/exp1_2024-05-17_23-46-32/actor_losses_plot.png
· Critic Losses Plot saved successfully in path: /gpfs/home/amontoya/TFG/Algorithms/PPO/Results/3M_lr0_0001/exp1_2024-05-17_23-46-32/critic_losses_plot.png
· Hyperparameters and execution time saved successfully in path: /gpfs/home/amontoya/TFG/Algorithms/PPO/Results/3M_lr0_0001/exp1_2024-05-17_23-46-32/state.data
· Actor saved successfully in path: /gpfs/home/amontoya/TFG/Algorithms/PPO/Results/3M_lr0_0001/exp1_2024-05-17_23-59-32/Actor.pth
· Actor Losses saved successfully in path: /gpfs/home/amontoya/TFG/Algorithms/PPO/Results/3M_lr0_0001/exp1_2024-05-17_23-59-32/actor_losses
· Critic saved successfully in path: /gpfs/home/amontoya/TFG/Algorithms/PPO/Results/3M_lr0_0001/exp1_2024-05-17_23-59-32/Critic.pth
· Critic Losses saved successfully in path: /gpfs/home/amontoya/TFG/Algorithms/PPO/Results/3M_lr0_0001/exp1_2024-05-17_23-59-32/critic_losses
· Rewards saved successfully in path: /gpfs/home/amontoya/TFG/Algorithms/PPO/Results/3M_lr0_0001/exp1_2024-05-17_23-59-32/rewards_log
· Total Rewards Plot saved successfully in path: /gpfs/home/amontoya/TFG/Algorithms/PPO/Results/3M_lr0_0001/exp1_2024-05-17_23-59-32/total_rewards_plot.png
· Actor Losses Plot saved successfully in path: /gpfs/home/amontoya/TFG/Algorithms/PPO/Results/3M_lr0_0001/exp1_2024-05-17_23-59-32/actor_losses_plot.png
· Critic Losses Plot saved successfully in path: /gpfs/home/amontoya/TFG/Algorithms/PPO/Results/3M_lr0_0001/exp1_2024-05-17_23-59-32/critic_losses_plot.png
· Hyperparameters and execution time saved successfully in path: /gpfs/home/amontoya/TFG/Algorithms/PPO/Results/3M_lr0_0001/exp1_2024-05-17_23-59-32/state.data
· Actor saved successfully in path: /gpfs/home/amontoya/TFG/Algorithms/PPO/Results/3M_lr0_0001/exp1_2024-05-18_00-12-32/Actor.pth
· Actor Losses saved successfully in path: /gpfs/home/amontoya/TFG/Algorithms/PPO/Results/3M_lr0_0001/exp1_2024-05-18_00-12-32/actor_losses
· Critic saved successfully in path: /gpfs/home/amontoya/TFG/Algorithms/PPO/Results/3M_lr0_0001/exp1_2024-05-18_00-12-32/Critic.pth
· Critic Losses saved successfully in path: /gpfs/home/amontoya/TFG/Algorithms/PPO/Results/3M_lr0_0001/exp1_2024-05-18_00-12-32/critic_losses
· Rewards saved successfully in path: /gpfs/home/amontoya/TFG/Algorithms/PPO/Results/3M_lr0_0001/exp1_2024-05-18_00-12-32/rewards_log
· Total Rewards Plot saved successfully in path: /gpfs/home/amontoya/TFG/Algorithms/PPO/Results/3M_lr0_0001/exp1_2024-05-18_00-12-32/total_rewards_plot.png
· Actor Losses Plot saved successfully in path: /gpfs/home/amontoya/TFG/Algorithms/PPO/Results/3M_lr0_0001/exp1_2024-05-18_00-12-32/actor_losses_plot.png
· Critic Losses Plot saved successfully in path: /gpfs/home/amontoya/TFG/Algorithms/PPO/Results/3M_lr0_0001/exp1_2024-05-18_00-12-32/critic_losses_plot.png
· Hyperparameters and execution time saved successfully in path: /gpfs/home/amontoya/TFG/Algorithms/PPO/Results/3M_lr0_0001/exp1_2024-05-18_00-12-32/state.data
· Actor saved successfully in path: /gpfs/home/amontoya/TFG/Algorithms/PPO/Results/3M_lr0_0001/exp1_2024-05-18_00-25-32/Actor.pth
· Actor Losses saved successfully in path: /gpfs/home/amontoya/TFG/Algorithms/PPO/Results/3M_lr0_0001/exp1_2024-05-18_00-25-32/actor_losses
· Critic saved successfully in path: /gpfs/home/amontoya/TFG/Algorithms/PPO/Results/3M_lr0_0001/exp1_2024-05-18_00-25-32/Critic.pth
· Critic Losses saved successfully in path: /gpfs/home/amontoya/TFG/Algorithms/PPO/Results/3M_lr0_0001/exp1_2024-05-18_00-25-32/critic_losses
· Rewards saved successfully in path: /gpfs/home/amontoya/TFG/Algorithms/PPO/Results/3M_lr0_0001/exp1_2024-05-18_00-25-32/rewards_log
· Total Rewards Plot saved successfully in path: /gpfs/home/amontoya/TFG/Algorithms/PPO/Results/3M_lr0_0001/exp1_2024-05-18_00-25-32/total_rewards_plot.png
· Actor Losses Plot saved successfully in path: /gpfs/home/amontoya/TFG/Algorithms/PPO/Results/3M_lr0_0001/exp1_2024-05-18_00-25-32/actor_losses_plot.png
· Critic Losses Plot saved successfully in path: /gpfs/home/amontoya/TFG/Algorithms/PPO/Results/3M_lr0_0001/exp1_2024-05-18_00-25-32/critic_losses_plot.png
· Hyperparameters and execution time saved successfully in path: /gpfs/home/amontoya/TFG/Algorithms/PPO/Results/3M_lr0_0001/exp1_2024-05-18_00-25-32/state.data
Training complete!
Total training time: 3:14:43.150941 

· Actor saved successfully in path: /gpfs/home/amontoya/TFG/Algorithms/PPO/Results/3M_lr0_0001/exp1_2024-05-18_00-37-47/Actor.pth
· Actor Losses saved successfully in path: /gpfs/home/amontoya/TFG/Algorithms/PPO/Results/3M_lr0_0001/exp1_2024-05-18_00-37-47/actor_losses
· Critic saved successfully in path: /gpfs/home/amontoya/TFG/Algorithms/PPO/Results/3M_lr0_0001/exp1_2024-05-18_00-37-47/Critic.pth
· Critic Losses saved successfully in path: /gpfs/home/amontoya/TFG/Algorithms/PPO/Results/3M_lr0_0001/exp1_2024-05-18_00-37-47/critic_losses
· Rewards saved successfully in path: /gpfs/home/amontoya/TFG/Algorithms/PPO/Results/3M_lr0_0001/exp1_2024-05-18_00-37-47/rewards_log
· Total Rewards Plot saved successfully in path: /gpfs/home/amontoya/TFG/Algorithms/PPO/Results/3M_lr0_0001/exp1_2024-05-18_00-37-47/total_rewards_plot.png
· Actor Losses Plot saved successfully in path: /gpfs/home/amontoya/TFG/Algorithms/PPO/Results/3M_lr0_0001/exp1_2024-05-18_00-37-47/actor_losses_plot.png
· Critic Losses Plot saved successfully in path: /gpfs/home/amontoya/TFG/Algorithms/PPO/Results/3M_lr0_0001/exp1_2024-05-18_00-37-47/critic_losses_plot.png
· Hyperparameters and execution time saved successfully in path: /gpfs/home/amontoya/TFG/Algorithms/PPO/Results/3M_lr0_0001/exp1_2024-05-18_00-37-47/state.data
Experiment exp1 completed.

